bin/outputs/logs/manifest-merger-debug-report.txt
-- Merging decision tree log ---
manifest
ADDED from gome_src\BeautyMirror_IUV\AndroidManifest.xml:2:1-390:12
INJECTED from gome_src\BeautyMirror_IUV\AndroidManifest.xml:2:1-390:12
INJECTED from gome_src\BeautyMirror_IUV\AndroidManifest.xml:2:1-390:12
INJECTED from gome_src\BeautyMirror_IUV\AndroidManifest.xml:2:1-390:12
MERGED from [:liblinphone-sdk] AndroidManifest.xml:2:1-12:12
MERGED from [com.android.support:multidex:1.0.2] AndroidManifest.xml:17:1-22:12
MERGED from [com.android.support:design:27.1.1] AndroidManifest.xml:17:1-22:12
MERGED from [com.android.support:support-v4:27.1.1] AndroidManifest.xml:17:1-22:12
MERGED from [com.android.support:recyclerview-v7:27.1.1] AndroidManifest.xml:17:1-22:12
MERGED from [com.android.support:appcompat-v7:27.1.1] AndroidManifest.xml:17:1-22:12
MERGED from [com.yanzhenjie:permission:2.0.0-rc12] AndroidManifest.xml:17:1-43:12
MERGED from [com.android.support:support-media-compat:27.1.1] AndroidManifest.xml:17:1-22:12
MERGED from [com.android.support:support-fragment:27.1.1] AndroidManifest.xml:17:1-22:12
MERGED from [com.android.support:animated-vector-drawable:27.1.1] AndroidManifest.xml:17:1-22:12
MERGED from [com.android.support:support-core-ui:27.1.1] AndroidManifest.xml:17:1-22:12
MERGED from [com.android.support:support-core-utils:27.1.1] AndroidManifest.xml:17:1-22:12
MERGED from [com.android.support:support-vector-drawable:27.1.1] AndroidManifest.xml:17:1-22:12
MERGED from [com.android.support:transition:27.1.1] AndroidManifest.xml:17:1-22:12
MERGED from [com.android.support:support-compat:27.1.1] AndroidManifest.xml:17:1-22:12
MERGED from [android.arch.lifecycle:runtime:1.1.0] AndroidManifest.xml:17:1-22:12
MERGED from [android.arch.lifecycle:livedata-core:1.1.0] AndroidManifest.xml:17:1-22:12
MERGED from [android.arch.lifecycle:viewmodel:1.1.0] AndroidManifest.xml:17:1-22:12
MERGED from [android.arch.core:runtime:1.1.0] AndroidManifest.xml:17:1-22:12
INJECTED from gome_src\BeautyMirror_IUV\AndroidManifest.xml:2:1-390:12
INJECTED from gome_src\BeautyMirror_IUV\AndroidManifest.xml:2:1-390:12
INJECTED from gome_src\BeautyMirror_IUV\AndroidManifest.xml:2:1-390:12
	package
		ADDED from gome_src\BeautyMirror_IUV\AndroidManifest.xml:3:5-36
		INJECTED from gome_src\BeautyMirror_IUV\AndroidManifest.xml
		INJECTED from gome_src\BeautyMirror_IUV\AndroidManifest.xml
	android:versionName
		ADDED from gome_src\BeautyMirror_IUV\AndroidManifest.xml:6:5-32
		INJECTED from gome_src\BeautyMirror_IUV\AndroidManifest.xml
		INJECTED from gome_src\BeautyMirror_IUV\AndroidManifest.xml
	xmlns:android
		ADDED from gome_src\BeautyMirror_IUV\AndroidManifest.xml:2:11-69
	android:versionCode
		ADDED from gome_src\BeautyMirror_IUV\AndroidManifest.xml:5:5-31
		INJECTED from gome_src\BeautyMirror_IUV\AndroidManifest.xml
		INJECTED from gome_src\BeautyMirror_IUV\AndroidManifest.xml
	android:installLocation
		ADDED from gome_src\BeautyMirror_IUV\AndroidManifest.xml:4:5-35
uses-permission#android.permission.INTERNET
ADDED from gome_src\BeautyMirror_IUV\AndroidManifest.xml:8:5-67
	android:name
		ADDED from gome_src\BeautyMirror_IUV\AndroidManifest.xml:8:22-64
uses-permission#android.permission.RECORD_AUDIO
ADDED from gome_src\BeautyMirror_IUV\AndroidManifest.xml:9:5-71
	android:name
		ADDED from gome_src\BeautyMirror_IUV\AndroidManifest.xml:9:22-68
uses-permission#android.permission.READ_CONTACTS
ADDED from gome_src\BeautyMirror_IUV\AndroidManifest.xml:10:5-72
	android:name
		ADDED from gome_src\BeautyMirror_IUV\AndroidManifest.xml:10:22-69
uses-permission#android.permission.MODIFY_AUDIO_SETTINGS
ADDED from gome_src\BeautyMirror_IUV\AndroidManifest.xml:11:5-80
	android:name
		ADDED from gome_src\BeautyMirror_IUV\AndroidManifest.xml:11:22-77
uses-permission#android.permission.ACCESS_NETWORK_STATE
ADDED from gome_src\BeautyMirror_IUV\AndroidManifest.xml:12:5-79
	android:name
		ADDED from gome_src\BeautyMirror_IUV\AndroidManifest.xml:12:22-76
uses-permission#android.permission.WAKE_LOCK
ADDED from gome_src\BeautyMirror_IUV\AndroidManifest.xml:13:5-68
	android:name
		ADDED from gome_src\BeautyMirror_IUV\AndroidManifest.xml:13:22-65
uses-permission#android.permission.PROCESS_OUTGOING_CALLS
ADDED from gome_src\BeautyMirror_IUV\AndroidManifest.xml:14:5-81
	android:name
		ADDED from gome_src\BeautyMirror_IUV\AndroidManifest.xml:14:22-78
uses-permission#android.permission.CALL_PHONE
ADDED from gome_src\BeautyMirror_IUV\AndroidManifest.xml:15:5-69
	android:name
		ADDED from gome_src\BeautyMirror_IUV\AndroidManifest.xml:15:22-66
uses-feature#android.hardware.telephony
ADDED from gome_src\BeautyMirror_IUV\AndroidManifest.xml:17:5-19:36
	android:required
		ADDED from gome_src\BeautyMirror_IUV\AndroidManifest.xml:19:9-33
	android:name
		ADDED from gome_src\BeautyMirror_IUV\AndroidManifest.xml:18:9-50
uses-permission#android.permission.RECEIVE_BOOT_COMPLETED
ADDED from gome_src\BeautyMirror_IUV\AndroidManifest.xml:21:5-81
	android:name
		ADDED from gome_src\BeautyMirror_IUV\AndroidManifest.xml:21:22-78
uses-permission#android.permission.VIBRATE
ADDED from gome_src\BeautyMirror_IUV\AndroidManifest.xml:22:5-66
	android:name
		ADDED from gome_src\BeautyMirror_IUV\AndroidManifest.xml:22:22-63
uses-permission#android.permission.CAMERA
ADDED from gome_src\BeautyMirror_IUV\AndroidManifest.xml:23:5-65
	android:name
		ADDED from gome_src\BeautyMirror_IUV\AndroidManifest.xml:23:22-62
uses-feature#android.hardware.camera
ADDED from gome_src\BeautyMirror_IUV\AndroidManifest.xml:25:5-27:36
	android:required
		ADDED from gome_src\BeautyMirror_IUV\AndroidManifest.xml:27:9-33
	android:name
		ADDED from gome_src\BeautyMirror_IUV\AndroidManifest.xml:26:9-47
uses-permission#android.permission.READ_PHONE_STATE
ADDED from gome_src\BeautyMirror_IUV\AndroidManifest.xml:29:5-75
	android:name
		ADDED from gome_src\BeautyMirror_IUV\AndroidManifest.xml:29:22-72
uses-permission#android.permission.READ_EXTERNAL_STORAGE
ADDED from gome_src\BeautyMirror_IUV\AndroidManifest.xml:30:5-80
	android:name
		ADDED from gome_src\BeautyMirror_IUV\AndroidManifest.xml:30:22-77
uses-permission#android.permission.WRITE_EXTERNAL_STORAGE
ADDED from gome_src\BeautyMirror_IUV\AndroidManifest.xml:32:5-81
	android:name
		ADDED from gome_src\BeautyMirror_IUV\AndroidManifest.xml:32:22-78
uses-permission#android.permission.WRITE_CONTACTS
ADDED from gome_src\BeautyMirror_IUV\AndroidManifest.xml:34:5-73
	android:name
		ADDED from gome_src\BeautyMirror_IUV\AndroidManifest.xml:34:22-70
uses-permission#android.permission.BLUETOOTH
ADDED from gome_src\BeautyMirror_IUV\AndroidManifest.xml:36:5-68
	android:name
		ADDED from gome_src\BeautyMirror_IUV\AndroidManifest.xml:36:22-65
uses-permission#android.permission.BROADCAST_STICKY
ADDED from gome_src\BeautyMirror_IUV\AndroidManifest.xml:37:5-75
	android:name
		ADDED from gome_src\BeautyMirror_IUV\AndroidManifest.xml:37:22-72
uses-permission#android.permission.GET_ACCOUNTS
ADDED from gome_src\BeautyMirror_IUV\AndroidManifest.xml:39:5-71
	android:name
		ADDED from gome_src\BeautyMirror_IUV\AndroidManifest.xml:39:22-68
uses-permission#android.permission.ACCESS_WIFI_STATE
ADDED from gome_src\BeautyMirror_IUV\AndroidManifest.xml:40:5-76
	android:name
		ADDED from gome_src\BeautyMirror_IUV\AndroidManifest.xml:40:22-73
uses-permission#android.permission.CHANGE_WIFI_MULTICAST_STATE
ADDED from gome_src\BeautyMirror_IUV\AndroidManifest.xml:41:5-86
	android:name
		ADDED from gome_src\BeautyMirror_IUV\AndroidManifest.xml:41:22-83
uses-permission#android.permission.READ_SYNC_SETTINGS
ADDED from gome_src\BeautyMirror_IUV\AndroidManifest.xml:42:5-77
	android:name
		ADDED from gome_src\BeautyMirror_IUV\AndroidManifest.xml:42:22-74
uses-permission#android.permission.WRITE_SYNC_SETTINGS
ADDED from gome_src\BeautyMirror_IUV\AndroidManifest.xml:43:5-78
	android:name
		ADDED from gome_src\BeautyMirror_IUV\AndroidManifest.xml:43:22-75
uses-permission#android.permission.AUTHENTICATE_ACCOUNTS
ADDED from gome_src\BeautyMirror_IUV\AndroidManifest.xml:44:5-80
	android:name
		ADDED from gome_src\BeautyMirror_IUV\AndroidManifest.xml:44:22-77
uses-permission#android.permission.SYSTEM_ALERT_WINDOW
ADDED from gome_src\BeautyMirror_IUV\AndroidManifest.xml:48:5-78
	android:name
		ADDED from gome_src\BeautyMirror_IUV\AndroidManifest.xml:48:22-75
uses-permission#android.permission.KILL_BACKGROUND_PROCESSES
ADDED from gome_src\BeautyMirror_IUV\AndroidManifest.xml:50:5-84
	android:name
		ADDED from gome_src\BeautyMirror_IUV\AndroidManifest.xml:50:22-81
supports-screens
ADDED from gome_src\BeautyMirror_IUV\AndroidManifest.xml:52:5-57:40
	android:largeScreens
		ADDED from gome_src\BeautyMirror_IUV\AndroidManifest.xml:54:9-36
	android:smallScreens
		ADDED from gome_src\BeautyMirror_IUV\AndroidManifest.xml:56:9-36
	android:normalScreens
		ADDED from gome_src\BeautyMirror_IUV\AndroidManifest.xml:55:9-37
	android:xlargeScreens
		ADDED from gome_src\BeautyMirror_IUV\AndroidManifest.xml:57:9-37
	android:anyDensity
		ADDED from gome_src\BeautyMirror_IUV\AndroidManifest.xml:53:9-34
application
ADDED from gome_src\BeautyMirror_IUV\AndroidManifest.xml:59:5-389:19
MERGED from [com.yanzhenjie:permission:2.0.0-rc12] AndroidManifest.xml:24:5-41:19
MERGED from [com.yanzhenjie:permission:2.0.0-rc12] AndroidManifest.xml:24:5-41:19
	android:label
		ADDED from gome_src\BeautyMirror_IUV\AndroidManifest.xml:62:9-41
	android:roundIcon
		ADDED from gome_src\BeautyMirror_IUV\AndroidManifest.xml:64:9-54
	android:largeHeap
		ADDED from gome_src\BeautyMirror_IUV\AndroidManifest.xml:63:9-33
	android:icon
		ADDED from gome_src\BeautyMirror_IUV\AndroidManifest.xml:61:9-43
	android:name
		ADDED from gome_src\BeautyMirror_IUV\AndroidManifest.xml:60:9-34
activity#cole.activities.RigisterAndLoginMainActivity
ADDED from gome_src\BeautyMirror_IUV\AndroidManifest.xml:68:9-71:20
	android:theme
		ADDED from gome_src\BeautyMirror_IUV\AndroidManifest.xml:70:13-46
	android:name
		ADDED from gome_src\BeautyMirror_IUV\AndroidManifest.xml:69:13-72
activity#cole.activities.RegisterActivity
ADDED from gome_src\BeautyMirror_IUV\AndroidManifest.xml:74:9-80:20
	android:windowSoftInputMode
		ADDED from gome_src\BeautyMirror_IUV\AndroidManifest.xml:77:13-68
	android:theme
		ADDED from gome_src\BeautyMirror_IUV\AndroidManifest.xml:76:13-46
	android:name
		ADDED from gome_src\BeautyMirror_IUV\AndroidManifest.xml:75:13-60
activity#cole.activities.LoginActivity
ADDED from gome_src\BeautyMirror_IUV\AndroidManifest.xml:81:9-83:49
	android:theme
		ADDED from gome_src\BeautyMirror_IUV\AndroidManifest.xml:83:13-46
	android:name
		ADDED from gome_src\BeautyMirror_IUV\AndroidManifest.xml:82:13-57
activity#cole.activities.ResetPasswordActivity
ADDED from gome_src\BeautyMirror_IUV\AndroidManifest.xml:84:9-86:49
	android:theme
		ADDED from gome_src\BeautyMirror_IUV\AndroidManifest.xml:86:13-46
	android:name
		ADDED from gome_src\BeautyMirror_IUV\AndroidManifest.xml:85:13-65
activity#cole.activities.FindPasswordActivity
ADDED from gome_src\BeautyMirror_IUV\AndroidManifest.xml:87:9-89:49
	android:theme
		ADDED from gome_src\BeautyMirror_IUV\AndroidManifest.xml:89:13-46
	android:name
		ADDED from gome_src\BeautyMirror_IUV\AndroidManifest.xml:88:13-64
activity#cole.activities.BindDeviceActivity
ADDED from gome_src\BeautyMirror_IUV\AndroidManifest.xml:90:9-94:20
	android:theme
		ADDED from gome_src\BeautyMirror_IUV\AndroidManifest.xml:92:13-46
	android:name
		ADDED from gome_src\BeautyMirror_IUV\AndroidManifest.xml:91:13-62
activity#com.google.zxing.activity.CaptureActivity
ADDED from gome_src\BeautyMirror_IUV\AndroidManifest.xml:95:9-97:50
	android:theme
		ADDED from gome_src\BeautyMirror_IUV\AndroidManifest.xml:97:13-47
	android:name
		ADDED from gome_src\BeautyMirror_IUV\AndroidManifest.xml:96:13-69
activity#com.gome.beautymirror.activities.BeautyMirrorLauncherActivity
ADDED from gome_src\BeautyMirror_IUV\AndroidManifest.xml:103:9-156:20
	android:label
		ADDED from gome_src\BeautyMirror_IUV\AndroidManifest.xml:106:13-45
	android:launchMode
		ADDED from gome_src\BeautyMirror_IUV\AndroidManifest.xml:107:13-44
	android:windowSoftInputMode
		ADDED from gome_src\BeautyMirror_IUV\AndroidManifest.xml:109:13-64
	android:exported
		ADDED from gome_src\BeautyMirror_IUV\AndroidManifest.xml:105:13-36
	android:theme
		ADDED from gome_src\BeautyMirror_IUV\AndroidManifest.xml:108:13-46
	android:name
		ADDED from gome_src\BeautyMirror_IUV\AndroidManifest.xml:104:13-68
intent-filter#action:name:android.intent.action.MAIN+category:name:android.intent.category.LAUNCHER
ADDED from gome_src\BeautyMirror_IUV\AndroidManifest.xml:110:13-114:29
action#android.intent.action.MAIN
ADDED from gome_src\BeautyMirror_IUV\AndroidManifest.xml:111:17-69
	android:name
		ADDED from gome_src\BeautyMirror_IUV\AndroidManifest.xml:111:25-66
category#android.intent.category.LAUNCHER
ADDED from gome_src\BeautyMirror_IUV\AndroidManifest.xml:113:17-77
	android:name
		ADDED from gome_src\BeautyMirror_IUV\AndroidManifest.xml:113:27-74
intent-filter#action:name:android.intent.action.CALL+action:name:android.intent.action.CALL_PRIVILEGED+category:name:android.intent.category.DEFAULT+data:scheme:sip+data:scheme:tel
ADDED from gome_src\BeautyMirror_IUV\AndroidManifest.xml:116:13-124:29
action#android.intent.action.CALL
ADDED from gome_src\BeautyMirror_IUV\AndroidManifest.xml:117:17-69
	android:name
		ADDED from gome_src\BeautyMirror_IUV\AndroidManifest.xml:117:25-66
action#android.intent.action.CALL_PRIVILEGED
ADDED from gome_src\BeautyMirror_IUV\AndroidManifest.xml:118:17-80
	android:name
		ADDED from gome_src\BeautyMirror_IUV\AndroidManifest.xml:118:25-77
category#android.intent.category.DEFAULT
ADDED from gome_src\BeautyMirror_IUV\AndroidManifest.xml:120:17-76
	android:name
		ADDED from gome_src\BeautyMirror_IUV\AndroidManifest.xml:120:27-73
data
ADDED from gome_src\BeautyMirror_IUV\AndroidManifest.xml:122:17-46
	android:scheme
		ADDED from gome_src\BeautyMirror_IUV\AndroidManifest.xml:122:23-43
	android:mimeType
		ADDED from gome_src\BeautyMirror_IUV\AndroidManifest.xml:134:23-63
intent-filter#action:name:android.intent.action.SENDTO+category:name:android.intent.category.DEFAULT+data:scheme:imto+data:scheme:sip
ADDED from gome_src\BeautyMirror_IUV\AndroidManifest.xml:125:13-132:29
action#android.intent.action.SENDTO
ADDED from gome_src\BeautyMirror_IUV\AndroidManifest.xml:126:17-71
	android:name
		ADDED from gome_src\BeautyMirror_IUV\AndroidManifest.xml:126:25-68
intent-filter#action:name:android.intent.action.VIEW+category:name:android.intent.category.BROWSABLE+category:name:android.intent.category.DEFAULT+data:mimeType:@string/sync_mimetype
ADDED from gome_src\BeautyMirror_IUV\AndroidManifest.xml:133:13-139:29
action#android.intent.action.VIEW
ADDED from gome_src\BeautyMirror_IUV\AndroidManifest.xml:135:17-69
	android:name
		ADDED from gome_src\BeautyMirror_IUV\AndroidManifest.xml:135:25-66
category#android.intent.category.BROWSABLE
ADDED from gome_src\BeautyMirror_IUV\AndroidManifest.xml:137:17-78
	android:name
		ADDED from gome_src\BeautyMirror_IUV\AndroidManifest.xml:137:27-75
intent-filter#action:name:android.intent.action.SEND+category:name:android.intent.category.DEFAULT+category:name:android.intent.category.OPENABLE+data:mimeType:application/*+data:mimeType:audio/*+data:mimeType:image/*+data:mimeType:text/*+data:mimeType:video/*
ADDED from gome_src\BeautyMirror_IUV\AndroidManifest.xml:140:13-151:29
action#android.intent.action.SEND
ADDED from gome_src\BeautyMirror_IUV\AndroidManifest.xml:141:17-69
	android:name
		ADDED from gome_src\BeautyMirror_IUV\AndroidManifest.xml:141:25-66
category#android.intent.category.OPENABLE
ADDED from gome_src\BeautyMirror_IUV\AndroidManifest.xml:144:17-77
	android:name
		ADDED from gome_src\BeautyMirror_IUV\AndroidManifest.xml:144:27-74
intent-filter#action:name:org.linphone.intent.action.CallLaunched+category:name:android.intent.category.DEFAULT
ADDED from gome_src\BeautyMirror_IUV\AndroidManifest.xml:152:13-155:29
action#org.linphone.intent.action.CallLaunched
ADDED from gome_src\BeautyMirror_IUV\AndroidManifest.xml:153:17-82
	android:name
		ADDED from gome_src\BeautyMirror_IUV\AndroidManifest.xml:153:25-79
activity#com.gome.beautymirror.activities.BeautyMirrorActivity
ADDED from gome_src\BeautyMirror_IUV\AndroidManifest.xml:157:9-164:20
	android:launchMode
		ADDED from gome_src\BeautyMirror_IUV\AndroidManifest.xml:159:13-44
	android:theme
		ADDED from gome_src\BeautyMirror_IUV\AndroidManifest.xml:160:13-46
	android:name
		ADDED from gome_src\BeautyMirror_IUV\AndroidManifest.xml:158:13-60
intent-filter#action:name:android.intent.action.MAIN
ADDED from gome_src\BeautyMirror_IUV\AndroidManifest.xml:161:13-163:29
activity#com.gome.beautymirror.activities.ContactDetailsActivity
ADDED from gome_src\BeautyMirror_IUV\AndroidManifest.xml:166:9-172:20
	android:theme
		ADDED from gome_src\BeautyMirror_IUV\AndroidManifest.xml:168:13-48
	android:name
		ADDED from gome_src\BeautyMirror_IUV\AndroidManifest.xml:167:13-62
activity#com.gome.beautymirror.activities.RecentCallActivity
ADDED from gome_src\BeautyMirror_IUV\AndroidManifest.xml:174:9-180:20
	android:theme
		ADDED from gome_src\BeautyMirror_IUV\AndroidManifest.xml:176:13-43
	android:name
		ADDED from gome_src\BeautyMirror_IUV\AndroidManifest.xml:175:13-58
activity#com.gome.beautymirror.contacts.ContactListActivity
ADDED from gome_src\BeautyMirror_IUV\AndroidManifest.xml:182:9-188:20
	android:theme
		ADDED from gome_src\BeautyMirror_IUV\AndroidManifest.xml:184:13-43
	android:name
		ADDED from gome_src\BeautyMirror_IUV\AndroidManifest.xml:183:13-57
activity#com.gome.beautymirror.contacts.NewFriendActivity
ADDED from gome_src\BeautyMirror_IUV\AndroidManifest.xml:190:9-196:20
	android:theme
		ADDED from gome_src\BeautyMirror_IUV\AndroidManifest.xml:192:13-43
	android:name
		ADDED from gome_src\BeautyMirror_IUV\AndroidManifest.xml:191:13-55
activity#com.gome.beautymirror.contacts.StrangerActivity
ADDED from gome_src\BeautyMirror_IUV\AndroidManifest.xml:197:9-203:20
	android:theme
		ADDED from gome_src\BeautyMirror_IUV\AndroidManifest.xml:199:13-43
	android:name
		ADDED from gome_src\BeautyMirror_IUV\AndroidManifest.xml:198:13-54
activity#com.gome.beautymirror.call.CallIncomingActivity
ADDED from gome_src\BeautyMirror_IUV\AndroidManifest.xml:205:9-212:20
	android:launchMode
		ADDED from gome_src\BeautyMirror_IUV\AndroidManifest.xml:207:13-43
	android:theme
		ADDED from gome_src\BeautyMirror_IUV\AndroidManifest.xml:208:13-45
	android:name
		ADDED from gome_src\BeautyMirror_IUV\AndroidManifest.xml:206:13-54
activity#com.gome.beautymirror.call.CallOutgoingActivity
ADDED from gome_src\BeautyMirror_IUV\AndroidManifest.xml:213:9-220:20
	android:launchMode
		ADDED from gome_src\BeautyMirror_IUV\AndroidManifest.xml:215:13-43
	android:theme
		ADDED from gome_src\BeautyMirror_IUV\AndroidManifest.xml:216:13-45
	android:name
		ADDED from gome_src\BeautyMirror_IUV\AndroidManifest.xml:214:13-54
activity#com.gome.beautymirror.call.CallActivity
ADDED from gome_src\BeautyMirror_IUV\AndroidManifest.xml:221:9-236:20
	android:launchMode
		ADDED from gome_src\BeautyMirror_IUV\AndroidManifest.xml:223:13-43
	android:theme
		ADDED from gome_src\BeautyMirror_IUV\AndroidManifest.xml:224:13-46
	android:name
		ADDED from gome_src\BeautyMirror_IUV\AndroidManifest.xml:222:13-46
activity#com.gome.beautymirror.assistant.AssistantActivity
ADDED from gome_src\BeautyMirror_IUV\AndroidManifest.xml:237:9-244:20
	android:screenOrientation
		ADDED from gome_src\BeautyMirror_IUV\AndroidManifest.xml:239:13-47
	android:theme
		ADDED from gome_src\BeautyMirror_IUV\AndroidManifest.xml:240:13-43
	android:name
		ADDED from gome_src\BeautyMirror_IUV\AndroidManifest.xml:238:13-56
activity#com.gome.beautymirror.purchase.InAppPurchaseActivity
ADDED from gome_src\BeautyMirror_IUV\AndroidManifest.xml:245:9-252:20
	android:screenOrientation
		ADDED from gome_src\BeautyMirror_IUV\AndroidManifest.xml:247:13-49
	android:theme
		ADDED from gome_src\BeautyMirror_IUV\AndroidManifest.xml:248:13-43
	android:name
		ADDED from gome_src\BeautyMirror_IUV\AndroidManifest.xml:246:13-59
activity#com.gome.beautymirror.assistant.RemoteProvisioningLoginActivity
ADDED from gome_src\BeautyMirror_IUV\AndroidManifest.xml:253:9-260:20
	android:screenOrientation
		ADDED from gome_src\BeautyMirror_IUV\AndroidManifest.xml:255:13-49
	android:theme
		ADDED from gome_src\BeautyMirror_IUV\AndroidManifest.xml:256:13-43
	android:name
		ADDED from gome_src\BeautyMirror_IUV\AndroidManifest.xml:254:13-70
activity#com.gome.beautymirror.assistant.RemoteProvisioningActivity
ADDED from gome_src\BeautyMirror_IUV\AndroidManifest.xml:261:9-275:20
	android:screenOrientation
		ADDED from gome_src\BeautyMirror_IUV\AndroidManifest.xml:263:13-49
	android:theme
		ADDED from gome_src\BeautyMirror_IUV\AndroidManifest.xml:264:13-43
	android:name
		ADDED from gome_src\BeautyMirror_IUV\AndroidManifest.xml:262:13-65
intent-filter#action:name:android.intent.action.VIEW+category:name:android.intent.category.BROWSABLE+category:name:android.intent.category.DEFAULT+data:scheme:linphone-config
ADDED from gome_src\BeautyMirror_IUV\AndroidManifest.xml:268:13-274:29
service#com.gome.beautymirror.LinphoneService
ADDED from gome_src\BeautyMirror_IUV\AndroidManifest.xml:277:9-280:44
	android:label
		ADDED from gome_src\BeautyMirror_IUV\AndroidManifest.xml:279:13-49
	android:stopWithTask
		ADDED from gome_src\BeautyMirror_IUV\AndroidManifest.xml:280:13-41
	android:name
		ADDED from gome_src\BeautyMirror_IUV\AndroidManifest.xml:278:13-44
service#com.gome.beautymirror.sync.SyncService
ADDED from gome_src\BeautyMirror_IUV\AndroidManifest.xml:281:9-294:19
	android:exported
		ADDED from gome_src\BeautyMirror_IUV\AndroidManifest.xml:283:13-36
	android:name
		ADDED from gome_src\BeautyMirror_IUV\AndroidManifest.xml:282:13-45
intent-filter#action:name:android.content.SyncAdapter
ADDED from gome_src\BeautyMirror_IUV\AndroidManifest.xml:284:13-286:29
action#android.content.SyncAdapter
ADDED from gome_src\BeautyMirror_IUV\AndroidManifest.xml:285:17-70
	android:name
		ADDED from gome_src\BeautyMirror_IUV\AndroidManifest.xml:285:25-67
meta-data#android.content.SyncAdapter
ADDED from gome_src\BeautyMirror_IUV\AndroidManifest.xml:288:13-290:55
	android:resource
		ADDED from gome_src\BeautyMirror_IUV\AndroidManifest.xml:290:17-52
	android:name
		ADDED from gome_src\BeautyMirror_IUV\AndroidManifest.xml:289:17-59
meta-data#android.provider.CONTACTS_STRUCTURE
ADDED from gome_src\BeautyMirror_IUV\AndroidManifest.xml:291:13-293:52
	android:resource
		ADDED from gome_src\BeautyMirror_IUV\AndroidManifest.xml:293:17-49
	android:name
		ADDED from gome_src\BeautyMirror_IUV\AndroidManifest.xml:292:17-67
service#com.gome.beautymirror.sync.AuthenticationService
ADDED from gome_src\BeautyMirror_IUV\AndroidManifest.xml:295:9-303:19
	android:name
		ADDED from gome_src\BeautyMirror_IUV\AndroidManifest.xml:295:18-60
intent-filter#action:name:android.accounts.AccountAuthenticator
ADDED from gome_src\BeautyMirror_IUV\AndroidManifest.xml:296:13-298:29
action#android.accounts.AccountAuthenticator
ADDED from gome_src\BeautyMirror_IUV\AndroidManifest.xml:297:17-80
	android:name
		ADDED from gome_src\BeautyMirror_IUV\AndroidManifest.xml:297:25-77
meta-data#android.accounts.AccountAuthenticator
ADDED from gome_src\BeautyMirror_IUV\AndroidManifest.xml:300:13-302:57
	android:resource
		ADDED from gome_src\BeautyMirror_IUV\AndroidManifest.xml:302:17-54
	android:name
		ADDED from gome_src\BeautyMirror_IUV\AndroidManifest.xml:301:17-69
receiver#com.gome.beautymirror.receivers.NetworkManager
ADDED from gome_src\BeautyMirror_IUV\AndroidManifest.xml:305:9-309:20
	android:name
		ADDED from gome_src\BeautyMirror_IUV\AndroidManifest.xml:305:19-59
intent-filter#action:name:android.net.conn.CONNECTIVITY_CHANGE
ADDED from gome_src\BeautyMirror_IUV\AndroidManifest.xml:306:13-308:29
action#android.net.conn.CONNECTIVITY_CHANGE
ADDED from gome_src\BeautyMirror_IUV\AndroidManifest.xml:307:17-79
	android:name
		ADDED from gome_src\BeautyMirror_IUV\AndroidManifest.xml:307:25-76
receiver#com.gome.beautymirror.receivers.BluetoothManager
ADDED from gome_src\BeautyMirror_IUV\AndroidManifest.xml:310:9-312:48
	android:enabled
		ADDED from gome_src\BeautyMirror_IUV\AndroidManifest.xml:312:13-36
	android:name
		ADDED from gome_src\BeautyMirror_IUV\AndroidManifest.xml:311:13-55
receiver#com.gome.beautymirror.receivers.BootReceiver
ADDED from gome_src\BeautyMirror_IUV\AndroidManifest.xml:313:9-320:20
	android:name
		ADDED from gome_src\BeautyMirror_IUV\AndroidManifest.xml:313:19-57
intent-filter#action:name:android.intent.action.BOOT_COMPLETED
ADDED from gome_src\BeautyMirror_IUV\AndroidManifest.xml:314:13-316:29
action#android.intent.action.BOOT_COMPLETED
ADDED from gome_src\BeautyMirror_IUV\AndroidManifest.xml:315:17-79
	android:name
		ADDED from gome_src\BeautyMirror_IUV\AndroidManifest.xml:315:25-76
intent-filter#action:name:android.intent.action.ACTION_SHUTDOWN
ADDED from gome_src\BeautyMirror_IUV\AndroidManifest.xml:317:13-319:29
action#android.intent.action.ACTION_SHUTDOWN
ADDED from gome_src\BeautyMirror_IUV\AndroidManifest.xml:318:17-80
	android:name
		ADDED from gome_src\BeautyMirror_IUV\AndroidManifest.xml:318:25-77
receiver#com.gome.beautymirror.receivers.PhoneStateChangedReceiver
ADDED from gome_src\BeautyMirror_IUV\AndroidManifest.xml:321:9-325:20
	android:name
		ADDED from gome_src\BeautyMirror_IUV\AndroidManifest.xml:321:19-70
intent-filter#action:name:android.intent.action.PHONE_STATE
ADDED from gome_src\BeautyMirror_IUV\AndroidManifest.xml:322:13-324:29
	android:priority
		ADDED from gome_src\BeautyMirror_IUV\AndroidManifest.xml:322:28-50
action#android.intent.action.PHONE_STATE
ADDED from gome_src\BeautyMirror_IUV\AndroidManifest.xml:323:17-76
	android:name
		ADDED from gome_src\BeautyMirror_IUV\AndroidManifest.xml:323:25-73
receiver#com.gome.beautymirror.receivers.KeepAliveReceiver
ADDED from gome_src\BeautyMirror_IUV\AndroidManifest.xml:328:9-65
	android:name
		ADDED from gome_src\BeautyMirror_IUV\AndroidManifest.xml:328:19-62
receiver#com.gome.beautymirror.receivers.HookReceiver
ADDED from gome_src\BeautyMirror_IUV\AndroidManifest.xml:330:9-334:20
	android:name
		ADDED from gome_src\BeautyMirror_IUV\AndroidManifest.xml:330:19-57
intent-filter#action:name:com.base.module.phone.HOOKEVENT
ADDED from gome_src\BeautyMirror_IUV\AndroidManifest.xml:331:13-333:29
action#com.base.module.phone.HOOKEVENT
ADDED from gome_src\BeautyMirror_IUV\AndroidManifest.xml:332:17-74
	android:name
		ADDED from gome_src\BeautyMirror_IUV\AndroidManifest.xml:332:25-71
receiver#com.gome.beautymirror.receivers.OutgoingCallReceiver
ADDED from gome_src\BeautyMirror_IUV\AndroidManifest.xml:336:9-342:20
	android:permission
		ADDED from gome_src\BeautyMirror_IUV\AndroidManifest.xml:338:13-75
	android:name
		ADDED from gome_src\BeautyMirror_IUV\AndroidManifest.xml:337:13-59
intent-filter#action:name:android.intent.action.NEW_OUTGOING_CALL
ADDED from gome_src\BeautyMirror_IUV\AndroidManifest.xml:339:13-341:29
action#android.intent.action.NEW_OUTGOING_CALL
ADDED from gome_src\BeautyMirror_IUV\AndroidManifest.xml:340:17-82
	android:name
		ADDED from gome_src\BeautyMirror_IUV\AndroidManifest.xml:340:25-79
receiver#com.gome.beautymirror.receivers.AccountEnableReceiver
ADDED from gome_src\BeautyMirror_IUV\AndroidManifest.xml:344:9-350:20
	android:permission
		ADDED from gome_src\BeautyMirror_IUV\AndroidManifest.xml:346:13-60
	android:name
		ADDED from gome_src\BeautyMirror_IUV\AndroidManifest.xml:345:13-60
intent-filter#action:name:org.linphone.intent.ACCOUNTACTIVATE
ADDED from gome_src\BeautyMirror_IUV\AndroidManifest.xml:347:13-349:29
action#org.linphone.intent.ACCOUNTACTIVATE
ADDED from gome_src\BeautyMirror_IUV\AndroidManifest.xml:348:17-78
	android:name
		ADDED from gome_src\BeautyMirror_IUV\AndroidManifest.xml:348:25-75
service#com.gome.beautymirror.firebase.FirebaseIdService
ADDED from gome_src\BeautyMirror_IUV\AndroidManifest.xml:352:9-358:19
	android:exported
		ADDED from gome_src\BeautyMirror_IUV\AndroidManifest.xml:354:13-36
	android:name
		ADDED from gome_src\BeautyMirror_IUV\AndroidManifest.xml:353:13-55
intent-filter#action:name:com.google.firebase.INSTANCE_ID_EVENT
ADDED from gome_src\BeautyMirror_IUV\AndroidManifest.xml:355:13-357:29
action#com.google.firebase.INSTANCE_ID_EVENT
ADDED from gome_src\BeautyMirror_IUV\AndroidManifest.xml:356:17-80
	android:name
		ADDED from gome_src\BeautyMirror_IUV\AndroidManifest.xml:356:25-77
service#com.gome.beautymirror.firebase.FirebaseMessaging
ADDED from gome_src\BeautyMirror_IUV\AndroidManifest.xml:359:9-363:19
	android:name
		ADDED from gome_src\BeautyMirror_IUV\AndroidManifest.xml:359:18-60
intent-filter#action:name:com.google.firebase.MESSAGING_EVENT
ADDED from gome_src\BeautyMirror_IUV\AndroidManifest.xml:360:13-362:29
action#com.google.firebase.MESSAGING_EVENT
ADDED from gome_src\BeautyMirror_IUV\AndroidManifest.xml:361:17-78
	android:name
		ADDED from gome_src\BeautyMirror_IUV\AndroidManifest.xml:361:25-75
provider#android.support.v4.content.FileProvider
ADDED from gome_src\BeautyMirror_IUV\AndroidManifest.xml:365:9-373:20
	android:grantUriPermissions
		ADDED from gome_src\BeautyMirror_IUV\AndroidManifest.xml:369:13-47
	android:authorities
		ADDED from gome_src\BeautyMirror_IUV\AndroidManifest.xml:367:13-56
	android:exported
		ADDED from gome_src\BeautyMirror_IUV\AndroidManifest.xml:368:13-37
	android:name
		ADDED from gome_src\BeautyMirror_IUV\AndroidManifest.xml:366:13-67
meta-data#android.support.FILE_PROVIDER_PATHS
ADDED from gome_src\BeautyMirror_IUV\AndroidManifest.xml:370:13-372:58
	android:resource
		ADDED from gome_src\BeautyMirror_IUV\AndroidManifest.xml:372:17-55
	android:name
		ADDED from gome_src\BeautyMirror_IUV\AndroidManifest.xml:371:17-67
activity#com.gome.beautymirror.activities.BeautyMirrorGenericActivity
ADDED from gome_src\BeautyMirror_IUV\AndroidManifest.xml:375:9-76
	android:name
		ADDED from gome_src\BeautyMirror_IUV\AndroidManifest.xml:375:19-73
receiver#com.gome.beautymirror.data.provider.DatabaseUpgradeReceiver